{"/Users/t.uemoto/Documents/workspace/ts_dijkstra/src/validatePort.ts": {"path":"/Users/t.uemoto/Documents/workspace/ts_dijkstra/src/validatePort.ts","all":false,"statementMap":{"0":{"start":{"line":1,"column":0},"end":{"line":1,"column":29}},"1":{"start":{"line":2,"column":0},"end":{"line":2,"column":36}},"2":{"start":{"line":3,"column":0},"end":{"line":3,"column":21}},"3":{"start":{"line":4,"column":0},"end":{"line":4,"column":21}},"4":{"start":{"line":5,"column":0},"end":{"line":5,"column":71}},"5":{"start":{"line":6,"column":0},"end":{"line":6,"column":13}},"6":{"start":{"line":7,"column":0},"end":{"line":7,"column":1}}},"s":{"0":1,"1":6,"2":6,"3":6,"4":6,"5":6,"6":6},"branchMap":{"0":{"type":"branch","line":1,"loc":{"start":{"line":1,"column":28},"end":{"line":7,"column":1}},"locations":[{"start":{"line":1,"column":28},"end":{"line":7,"column":1}}]},"1":{"type":"branch","line":5,"loc":{"start":{"line":5,"column":28},"end":{"line":5,"column":41}},"locations":[{"start":{"line":5,"column":28},"end":{"line":5,"column":41}}]},"2":{"type":"branch","line":5,"loc":{"start":{"line":5,"column":41},"end":{"line":5,"column":58}},"locations":[{"start":{"line":5,"column":41},"end":{"line":5,"column":58}}]},"3":{"type":"branch","line":5,"loc":{"start":{"line":5,"column":60},"end":{"line":5,"column":71}},"locations":[{"start":{"line":5,"column":60},"end":{"line":5,"column":71}}]}},"b":{"0":[6],"1":[3],"2":[2],"3":[2]},"fnMap":{"0":{"name":"validatePort","decl":{"start":{"line":1,"column":28},"end":{"line":7,"column":1}},"loc":{"start":{"line":1,"column":28},"end":{"line":7,"column":1}},"line":1}},"f":{"0":6}}
}
